*** Life<FredkinCell> 9x9 ***

Generation = 0, Population = 3.
---------
---------
---------
---------
---000---
---------
---------
---------
---------

Generation = 1, Population = 10.
---------
---------
---------
---000---
--01-10--
---000---
---------
---------
---------

Generation = 2, Population = 12.
---------
---------
---000---
---------
-012-210-
---------
---000---
---------
---------

Generation = 3, Population = 30.
---------
---000---
--01-10--
-00-0-00-
01-3-3-10
-00-0-00-
--01-10--
---000---
---------

*** Life<FredkinCell> 15x15 ***

Generation = 0, Population = 65.
-0---0--00----0
-0-0----0--0-0-
--0-00-0--0----
---------0--0-0
0-00-----------
0----00000-0--0
00-----000-000-
---------00-0-0
-0----0-0--0---
---0-00--------
---------000--0
--0-0----------
-0-0-00-0---00-
-00---------0--
---0-----------

Generation = 2, Population = 115.
-21-1-1102-10--
-2-0-00---00000
-0--2-00----1-1
10-1-10--001000
2-------100110-
0-11120-2--2000
-2---1-02--0-21
1--0-----02---0
10-10-20-0--0-1
-110-2-1111-0-1
---1-1-012--1-0
00-100------1--
-2-01220010----
1-21------0---0
------0-0---10-

Generation = 4, Population = 115.
1--1-1-1-4---0-
1--00-21----0-0
00-1-1-211--10-
-----3--00---2-
2-2-10-1-2-1--1
---1--2220-----
-2-003--2---2--
--1-011-004--00
1---2-401-1--0-
0----41-3-300-1
10-1-10-3202--2
------0-001-3-1
-4123420--01111
1-41----0---2-0
-0-1-1000111320

Generation = 6, Population = 105.
3-33----04--0--
12--214---1-20-
02-33-2--1-1-0-
1--20-1-022-0-0
2--2-013-2-12-1
-12----440-4--1
-2----112212-2-
--1--3-1-0-11--
-----06-------2
0--2-433-2--2--
---10-2-540-21-
--1222-1--3----
-63---4---011--
-04-00--201---0
-01---0-21---2-

Generation = 8, Population = 94.
-----2-32---200
---2---321-2---
22035----3-1-21
-01---1-224-242
-02----3---121-
--4-----6---10-
1---133--214-2-
-01-2-1-2-5-30-
-0------2--1--2
022-----4---4-3
----0--0--02---
---------13---1
165-3----1---23
2--2-2-12--0--0
1--3--00-1-152-

Generation = 10, Population = 106.
424-2-1-2------
--0----341-42-0
--257-3333-322-
1-3---1--4-224-
404-2-2----3-3-
2-----4--1-5---
1-011-3244----3
-031-------150-
2--2-1-1--1-2-4
-4-4----64---05
2---024--5-42--
-123-3--1---4-3
1------2-31--45
2154--11-2--21-
3--5--2-3-1154-

*** Life<FredkinCell> 15x15 ***

Generation = 0, Population = 37.
-------0-------
-0-0---0-------
--0------0--00-
-------0-0--0--
---000---0-----
---0-----------
-0-----0--0----
0-----0--------
-0-----00------
--0-----------0
-0-------------
----00-----0-00
0------0---0---
---------------
----0----0-----

Generation = 4, Population = 87.
--0-10-----102-
---2-0-----1---
01---21-121---3
0--0-10-1--1-02
1----4-1-4---2-
-112----------0
--10-00--1-1211
-----0-1-000110
10-----4-1--1--
1--0--0---1-0--
----11-0-01----
-0----331-0-02-
-121----12-1---
--0-----------2
-0---1-11--1-1-

Generation = 8, Population = 78.
--------0-0----
--1--1---1-3--3
---21--------2-
-0---3-3-2323-2
2--1---2-4---4-
-5-----3---0---
--1-10-1----4--
3-----1-3-----2
1---03-6------0
-0-02-012-3----
3-0--3-4---110-
-1034-541-----1
-1--113-13-2---
--11----------4
-02-----2-3-12-

Generation = 12, Population = 112.
1-----03-0--2-1
2-2---0---3-204
0-2-34---54-12-
1--2---5-252524
2-13----3643--0
--3-3-3-154---3
223-2223-4--5-2
--21031-32012--
--0--528-61-21-
6---202-4-3-5--
5-24-31---23--1
122362-6---5--1
-3---1---7----1
033-3---0---1-5
--2--312-------

Generation = 16, Population = 0.
---------------
---------------
---------------
---------------
---------------
---------------
---------------
---------------
---------------
---------------
---------------
---------------
---------------
---------------
---------------

Generation = 20, Population = 0.
---------------
---------------
---------------
---------------
---------------
---------------
---------------
---------------
---------------
---------------
---------------
---------------
---------------
---------------
---------------

