*** Life<Cell> 9x9 ***

Generation = 0, Population = 3.
---------
---------
---------
---------
---000---
---------
---------
---------
---------

Generation = 1, Population = 10.
---------
---------
---------
---000---
--01-10--
---000---
---------
---------
---------

Generation = 2, Population = 12.
---------
---------
---000---
---------
-01*-*10-
---------
---000---
---------
---------

Generation = 3, Population = 28.
---------
---000---
--01-10--
-00-0-00-
01-.-.-10
-00-0-00-
--01-10--
---000---
---------

*** Life<Cell> 15x15 ***

Generation = 0, Population = 62.
----0--0----0--
-0-----00-0--00
---------0-0--0
00------0-00-00
0----0-0-----0-
-------0--0---0
-----0-0---0---
00--0---------0
------0-----00-
---0-----00-0--
--00-00-00-0---
------00--0----
-----------0---
----00-------00
--00-000----00-

Generation = 8, Population = 109.
0-0.***.-0*-*1-
-11-..***.1--.0
.0--.--.1-*.1*-
..*01-**0**.1--
*.-.--..-1-*0-1
-0*-*-.**.-.---
*.-1--*1--1*..*
*..-.*.10*0*.*.
0-*11*.*-*---**
.0**.*0*.0***1*
..*.*.--.*--.-1
*-1**--.-*.1**-
**.-0-***.*0.00
*-..**-01--...*
.1..0.1-.*.-*.-

Generation = 16, Population = 77.
....*........*1
....**...*10.*.
..*1.-*.**....1
*.*-.0.**...1.-
..-.--.*1***.11
.-.......***.11
..1.0........**
.*.-*...-.1*..*
-1..-...1.*.*.*
.*...*0.......*
.*....*....*..*
*.-*..*.*..-*.*
.*.-*-..*.*-..0
.****....-*....
...*.***.**....

Generation = 24, Population = 62.
.*...*...**....
*.....*..*--...
**.*.**.....**.
...-.1....*...-
..........*..-*
...........*.**
**.**.***....*.
.**-**..*..**..
.1..**.**.*....
...**...*...*..
..*.*.*.**.....
..*..**........
..**.-*...*....
.......*.*.....
.......**......

Generation = 32, Population = 53.
..........**...
.........**-...
*..*.....*.....
***.*.*..**...-
....*...***....
**.***..*......
*..*.*.*.......
.**...*.*......
.**..*...*.....
......*.*......
**....**.......
......*........
......**.......
*.......*......
*...*****......

Generation = 40, Population = 72.
...*...****....
.*******.**-...
.*..**.**..**..
.***...**.**..-
.*..*..**......
..*.****.*.....
..*...*.**.....
.*..**.**.*....
.**...*...**...
.***......*....
..*.....**.....
....*...*......
...**.**.......
....*...*......
.....****......

*** Life<Cell> 15x15 ***

Generation = 0, Population = 73.
-00----00-----0
--00------000--
0---0--0-0-0-0-
-0-0--0-0------
-00---0-0-0---0
----------00--0
00-000--0------
--0-0----0-----
000-0--0-0---0-
0-0-----0-----0
-000-00------0-
----0--000-----
---00--0-000---
-00------0-0-00
-----------0-0-

Generation = 4, Population = 96.
-.0--0-1*11-.10
*--.0---0*.*.-*
---1----101*--1
-..--1.1.11-0-*
***--1.-*0.---.
0--11-100--*-*.
-.--..*-0--01-1
-1*0-0-.*----0-
-0.*---*1.1---0
*0----.------0-
--*.1.***-01---
*--1-0--*0-101-
-10*0*0..*---*0
------01.-100*.
-01-*11---.*---

Generation = 8, Population = 100.
-*11--1...*-.*0
*.-.*000-*...-*
*-0*-.-1-0.*11-
**.-*.*-**11-0.
***-0..-.-**.*.
-**..-1*-*0.-..
*.-1...-11.1.--
*1**1-1..1*1---
1-...**...-0---
.-0**0*0*--11--
--..1.*.*-*-0--
.**.1--*.0.----
-.-.-.-.*.0--**
1-*.-.1*.-.10.*
.-*-*-1*-***-*-

Generation = 12, Population = 99.
-*-*-******.**0
**1**---*....1.
*01.**-.10*.111
***0*.....*..0.
*..-....*-*.**.
*.*..-..1*-*1..
*.-....-***..-1
*-...-......1--
*1......*..0*-0
*11***.0.--.1.*
-****.*..0.*..-
..*...-..-.1-*1
**1...-..*--**.
*-..-****..1...
.-.-.***-.***.0

Generation = 16, Population = 88.
-**.1.**....***
*.***..-*.***1*
.-.*..-*1-**.-*
...-*...*.*.**.
...**.**.-.*...
.....-***.0*.*.
.*-....**....1-
.-*..******..--
.-..*.*.......*
.1.....0.*-.*..
1**......0....-
*.*..*1..-.*-..
..****0.**.*...
........*....**
***1.**.-****.-

Generation = 20, Population = 78.
-...**..**...*.
*....*.-**..*.*
**.***1.*-**...
..*-.********.*
.....***.-*.*..
.....1..*.*....
.*1..*...*..**-
*.**.*...*.**-0
*..............
*.**...-..-.*..
-..*....*1...*-
**.*..-..-*....
.*.*..-....*..*
..*......*....*
........0*****-

