*** Life<ConwayCell> 4x4 ***

Generation = 0, Population = 4.
....
.**.
.**.
....

Generation = 1, Population = 4.
....
.**.
.**.
....

*** Life<ConwayCell> 10x10 ***

Generation = 0, Population = 42.
....***..*
....***...
..***.*...
...*....**
...***.*.*
*..*.*.*.*
.....*....
.**.*****.
*.*.***.*.
.**.*..*..

Generation = 20, Population = 9.
..........
..........
..........
..........
..........
...***....
.....*....
..........
.*..*.....
.***......

Generation = 40, Population = 23.
..........
.....*....
....**....
..**.*.***
..*....***
.......*.*
...*.....*
....*....*
.....*....
......***.

Generation = 60, Population = 21.
..........
..........
.....**...
....***...
....**....
...***....
..**......
.*.....*..
..*..*.*..
...****...

Generation = 80, Population = 13.
..........
..........
..........
.*........
*.*....*..
*.....**..
.*........
..........
.*.*......
.***......

Generation = 100, Population = 4.
..........
..........
..........
..........
......**..
......**..
..........
..........
..........
..........

*** Life<ConwayCell> 15x15 ***

Generation = 0, Population = 68.
.**...*.*..*..*
..*..*.***...*.
......*...*....
..**.....**.***
*...*....*.**..
*..*.......*..*
.**.*...*...**.
.....*..*......
*.......*....*.
.*....*.*...*..
.*....*...*..*.
**.**....**..*.
.**..*.*...**..
.......*.....**
.....*...*....*

Generation = 10, Population = 32.
...............
...............
...............
.........**....
.**.......**...
.........***...
.......*...*.*.
........**.*.*.
........**.....
..........**.*.
...........*..*
..*........*.*.
.*..........*..
.*.*......*....
..*............

Generation = 20, Population = 25.
...............
...............
...............
........*......
.......*.*.....
......*...*....
.......*..*....
.........**....
...............
...............
..........*....
.........****..
........*...**.
.........**...*
..........*****

Generation = 30, Population = 31.
...............
........**.....
.......*..*....
.......**..*...
......*.....**.
......*.*******
......*.......*
.......***...**
........**.....
...............
...............
...............
......**.......
......**.......
...............

Generation = 40, Population = 29.
...............
...........**..
...........**..
..........**...
..........*....
.........***.*.
........*...*.*
........*****.*
.........*****.
...............
...............
...............
......**.......
......**.......
...............

Generation = 50, Population = 23.
...............
...............
...............
...............
........*......
.......***.....
......**.**....
.......***.....
........*...*.*
............*.*
...........*...
............**.
......**.......
......**.......
...............

